<?xml version="1.0" encoding="UTF-8"?>
<testsuite xmlns:xsi="http://www.w3.org/2001/XMLSchema-instance" xsi:noNamespaceSchemaLocation="https://maven.apache.org/surefire/maven-surefire-plugin/xsd/surefire-test-report.xsd" name="GLListIteratorTest" time="0.002" tests="5" errors="0" skipped="0" failures="0">
  <properties>
[...]
</properties>
  <testcase name="previousTest" classname="GLListIteratorTest" time="0"/>
  <testcase name="hasNextTest" classname="GLListIteratorTest" time="0"/>
  <testcase name="hasPreviousTest" classname="GLListIteratorTest" time="0"/>
  <testcase name="nextIndex" classname="GLListIteratorTest" time="0"/>
  <testcase name="nextTest" classname="GLListIteratorTest" time="0"/>
</testsuite>