<?xml version="1.0" encoding="UTF-8"?>
<testsuite xmlns:xsi="http://www.w3.org/2001/XMLSchema-instance" xsi:noNamespaceSchemaLocation="https://maven.apache.org/surefire/maven-surefire-plugin/xsd/surefire-test-report.xsd" name="myTests" time="0.167" tests="4" errors="0" skipped="0" failures="0">
  <properties>
[...]
</properties>
  <testcase name="movesListTest" classname="myTests" time="0.081"/>
  <testcase name="randMoveTest1" classname="myTests" time="0.025"/>
  <testcase name="randMoveTest2" classname="myTests" time="0.027"/>
  <testcase name="randMoveTest3" classname="myTests" time="0.03"/>
</testsuite>