<?xml version="1.0" encoding="UTF-8"?>
<testsuite xmlns:xsi="http://www.w3.org/2001/XMLSchema-instance" xsi:noNamespaceSchemaLocation="https://maven.apache.org/surefire/maven-surefire-plugin/xsd/surefire-test-report.xsd" name="MyTest" time="0.101" tests="25" errors="0" skipped="0" failures="0">
  <properties>
[...]
</properties>
  <testcase name="tenRandomTest" classname="MyTest" time="0.011"/>
  <testcase name="oneSpotTest" classname="MyTest" time="0"/>
  <testcase name="currentWinningsTest2" classname="MyTest" time="0"/>
  <testcase name="currentWinningsTest3" classname="MyTest" time="0"/>
  <testcase name="currentWinningsTest4" classname="MyTest" time="0"/>
  <testcase name="currentWinningsTest5" classname="MyTest" time="0"/>
  <testcase name="currentWinningsTest6" classname="MyTest" time="0.001"/>
  <testcase name="currentWinningsTest7" classname="MyTest" time="0"/>
  <testcase name="oneRandomTest2" classname="MyTest" time="0.001"/>
  <testcase name="fourRandomTest" classname="MyTest" time="0"/>
  <testcase name="currentWinningsTest" classname="MyTest" time="0"/>
  <testcase name="isInArrayTest" classname="MyTest" time="0"/>
  <testcase name="twentyRandomTest2" classname="MyTest" time="0"/>
  <testcase name="twentyRandomTest" classname="MyTest" time="0"/>
  <testcase name="oneRandomTest" classname="MyTest" time="0"/>
  <testcase name="tenRandomTest2" classname="MyTest" time="0.001"/>
  <testcase name="matchingNumsTest" classname="MyTest" time="0"/>
  <testcase name="isInArrayTest2" classname="MyTest" time="0"/>
  <testcase name="eightRandomTest" classname="MyTest" time="0.001"/>
  <testcase name="matchingNumsTest2" classname="MyTest" time="0.001"/>
  <testcase name="eightRandomTest2" classname="MyTest" time="0.001"/>
  <testcase name="fourRandomTest2" classname="MyTest" time="0"/>
  <testcase name="tenSpotsTest" classname="MyTest" time="0"/>
  <testcase name="fourSpotsTest" classname="MyTest" time="0"/>
  <testcase name="eightSpotsTest" classname="MyTest" time="0"/>
</testsuite>